  Menu.cpp
c:\users\matth\source\repos\project1\snake\menu.cpp(32): warning C4244: 'argument': conversion from 'T' to 'T', possible loss of data
          with
          [
              T=int
          ]
          and
          [
              T=float
          ]
c:\users\matth\source\repos\project1\snake\menu.cpp(41): warning C4244: 'argument': conversion from 'T' to 'T', possible loss of data
          with
          [
              T=int
          ]
          and
          [
              T=float
          ]
  main.cpp
  Generating Code...
  Project1.vcxproj -> C:\Users\matth\source\repos\Project1\Snake\Debug\Snake.exe
